b'rhhmdt n \rudt:2.0Tmeaue 5 C\rEarhhmdt n \rudt:28.0Tmeaue 51 * \n'
b'rhhmdt n \rudt:2.0Tmeaue 5 C\rEarhhmdt n \rudt:28.0Tmeaue 51 * \n'
b't_uiiyifr\n'
b't_uiiyifr\n'
b'Hmiiy 80 eprtr:2.10 *C \r\n'
b'Hmiiy 80 eprtr:2.10 *C \r\n'
b'Earth_humidity inf r\r\n'
b'Earth_humidity inf r\r\n'
b'Humidity: 28.00 Temperature: 25.10 *C \r\n'
b'Humidity: 28.00 Temperature: 25.10 *C \r\n'
b'Earth_humidity inf r\r\n'
b'Earth_humidity inf r\r\n'
b'Humidity: 28.00 Temperature: 25.10 *C \r\n'
b'Humidity: 28.00 Temperature: 25.10 *C \r\n'
b'Humidity: 28.00 Temperature: 25.10 *C \r\n'
b'Humidity: 28.00 Temperature: 25.10 *C \r\n'
b'Earth_humidity inf r\r\n'
b'Earth_humidity inf r\r\n'
Traceback (most recent call last):
  File "/usr/local/lib/python3.5/dist-packages/serial/serialposix.py", line 501, in read
    'device reports readiness to read but returned no data '
serial.serialutil.SerialException: device reports readiness to read but returned no data (device disconnected or multiple access on port?)

During handling of the above exception, another exception occurred:

Traceback (most recent call last):
  File "data/serial_insert_mongodb.py", line 41, in <module>
    line = str(ser.readline())
  File "/usr/local/lib/python3.5/dist-packages/serial/serialposix.py", line 509, in read
    raise SerialException('read failed: {}'.format(e))
serial.serialutil.SerialException: read failed: device reports readiness to read but returned no data (device disconnected or multiple access on port?)
b'at_uiiyifr\n'
b'at_uiiyifr\n'
b'uiiy 80 eprtr:2.10* \n'
b'uiiy 80 eprtr:2.10* \n'
Traceback (most recent call last):
  File "/usr/local/lib/python3.5/dist-packages/serial/serialposix.py", line 501, in read
    'device reports readiness to read but returned no data '
serial.serialutil.SerialException: device reports readiness to read but returned no data (device disconnected or multiple access on port?)

During handling of the above exception, another exception occurred:

Traceback (most recent call last):
  File "data/serial_insert_mongodb.py", line 41, in <module>
    line = str(ser.readline())
  File "/usr/local/lib/python3.5/dist-packages/serial/serialposix.py", line 509, in read
    raise SerialException('read failed: {}'.format(e))
serial.serialutil.SerialException: read failed: device reports readiness to read but returned no data (device disconnected or multiple access on port?)
b'at_uiiyifr\n'
b'at_uiiyifr\n'
b'Humidity: 28.00 Temperature: 25.10 *C \r\n'
b'Humidity: 28.00 Temperature: 25.10 *C \r\n'
b'Earth_humidity inf r\r\n'
b'Earth_humidity inf r\r\n'
b'Humidity: 28.00 Temperature: 25.10 *C \r\n'
b'Humidity: 28.00 Temperature: 25.10 *C \r\n'
b'Earth_humidity inf r\r\n'
b'Earth_humidity inf r\r\n'
b'Humidity: 28.00 Temperature: 25.10 *C \r\n'
b'Humidity: 28.00 Temperature: 25.10 *C \r\n'
b'Earth_humidity inf r\r\n'
b'Earth_humidity inf r\r\n'
b'Humidity: 28.00 Temperature: 25.10 *C \r\n'
b'Humidity: 28.00 Temperature: 25.10 *C \r\n'
b'Earth_humidity inf r\r\n'
b'Earth_humidity inf r\r\n'
b'Humidity: 28.00 Temperature: 25.10 *C \r\n'
b'Humidity: 28.00 Temperature: 25.10 *C \r\n'
b'Earth_humidity inf r\r\n'
b'Earth_humidity inf r\r\n'
b'Humidity: 28.00 Temperature: 25.10 *C \r\n'
b'Humidity: 28.00 Temperature: 25.10 *C \r\n'
b'Earth_humidity inf r\r\n'
b'Earth_humidity inf r\r\n'
b'Humidity: 28.00 Temperature: 25.10 *C \r\n'
b'Humidity: 28.00 Temperature: 25.10 *C \r\n'
b'Earth_humidity inf r\r\n'
b'Earth_humidity inf r\r\n'
b'Humidity: 28.00 Temperature: 25.10 *C \r\n'
b'Humidity: 28.00 Temperature: 25.10 *C \r\n'
b'Earth_humidity inf r\r\n'
b'Earth_humidity inf r\r\n'
b'Humidity: 28.00 Temperature: 25.10 *C \r\n'
b'Humidity: 28.00 Temperature: 25.10 *C \r\n'
b'Earth_humidity inf r\r\n'
b'Earth_humidity inf r\r\n'
b'Humidity: 28.00 Temperature: 25.10 *C \r\n'
b'Humidity: 28.00 Temperature: 25.10 *C \r\n'
b'Earth_humidity inf r\r\n'
b'Earth_humidity inf r\r\n'
b'Humidity: 28.00 Temperature: 25.10 *C \r\n'
b'Humidity: 28.00 Temperature: 25.10 *C \r\n'
b'Earth_humidity inf r\r\n'
b'Earth_humidity inf r\r\n'
b'Humidity: 28.00 Temperature: 25.10 *C \r\n'
b'Humidity: 28.00 Temperature: 25.10 *C \r\n'
b'Earth_humidity inf r\r\n'
b'Earth_humidity inf r\r\n'
b'Humidity: 28.00 Temperature: 25.10 *C \r\n'
b'Humidity: 28.00 Temperature: 25.10 *C \r\n'
b'Earth_humidity inf r\r\n'
b'Earth_humidity inf r\r\n'
b'Earth_humidity inf r\r\n'
b'Earth_humidity inf r\r\n'
b'Hmiiy 90 ertr:2.1*\rErhhmdt n \rHmdt:2.0Tmeaue 5 C\rEat_uiiyifr\n'
b'Hmiiy 90 ertr:2.1*\rErhhmdt n \rHmdt:2.0Tmeaue 5 C\rEat_uiiyifr\n'
b'Humidity: 29.00 Temperature: 25.10 *C \r\n'
b'Humidity: 29.00 Temperature: 25.10 *C \r\n'
b'Earth_humidity inf r\r\n'
b'Earth_humidity inf r\r\n'
b'Humidity: 29.00 Temperature: 25.10 *C \r\n'
b'Humidity: 29.00 Temperature: 25.10 *C \r\n'
b'Earth_humidity inf r\r\n'
b'Earth_humidity inf r\r\n'
b'Humidity: 29.00 Temperature: 25.10 *C \r\n'
b'Humidity: 29.00 Temperature: 25.10 *C \r\n'
b'Earth_humidity inf r\r\n'
b'Earth_humidity inf r\r\n'
b'Humidity: 28.00 Temperature: 25.10 *C \r\n'
b'Humidity: 28.00 Temperature: 25.10 *C \r\n'
b'Earth_humidity inf r\r\n'
b'Earth_humidity inf r\r\n'
b'Humidity: 29.00 Temperature: 25.10 *C \r\n'
b'Humidity: 29.00 Temperature: 25.10 *C \r\n'
b'Earth_humidity inf r\r\n'
b'Earth_humidity inf r\r\n'
b'Humidity: 28.00 Temperature: 25.10 *C \r\n'
b'Humidity: 28.00 Temperature: 25.10 *C \r\n'
b'Earth_humidity inf r\r\n'
b'Earth_humidity inf r\r\n'
b'Humidity: 29.00 Temperature: 25.20 *C \r\n'
b'Humidity: 29.00 Temperature: 25.20 *C \r\n'
b'Earth_humidity inf r\r\n'
b'Earth_humidity inf r\r\n'
b'Humidity: 29.00 Temperature: 25.20 *C \r\n'
b'Humidity: 29.00 Temperature: 25.20 *C \r\n'
b'Earth_humidity inf r\r\n'
b'Earth_humidity inf r\r\n'
b'Humidity: 29.00 Temperature: 25.20 *C \r\n'
b'Humidity: 29.00 Temperature: 25.20 *C \r\n'
b'Earth_humidity inf r\r\n'
b'Earth_humidity inf r\r\n'
b'Humidity: 28.00 Temperature: 25.20 *C \r\n'
b'Humidity: 28.00 Temperature: 25.20 *C \r\n'
b'Earth_humidity inf r\r\n'
b'Earth_humidity inf r\r\n'
b'Humidity: 28.00 Temperature: 25.20 *C \r\n'
b'Humidity: 28.00 Temperature: 25.20 *C \r\n'
b'Earth_humidity inf r\r\n'
b'Earth_humidity inf r\r\n'
b'Humidity: 28.00 Temperature: 25.20 *C \r\n'
b'Humidity: 28.00 Temperature: 25.20 *C \r\n'
b'Earth_humidity inf r\r\n'
b'Earth_humidity inf r\r\n'
b'Humidity: 28.00 Temperature: 25.20 *C \r\n'
b'Humidity: 28.00 Temperature: 25.20 *C \r\n'
b'Earth_humidity inf r\r\n'
b'Earth_humidity inf r\r\n'
b'Humidity: 28.00 Temperature: 25.20 *C \r\n'
b'Humidity: 28.00 Temperature: 25.20 *C \r\n'
b'Earth_humidity inf r\r\n'
b'Earth_humidity inf r\r\n'
b'Humidity: 28.00 Temperature: 25.20 *C \r\n'
b'Humidity: 28.00 Temperature: 25.20 *C \r\n'
b'Earth_humidity inf r\r\n'
b'Earth_humidity inf r\r\n'
b'Humidity: 28.00 Temperature: 25.20 *C \r\n'
b'Humidity: 28.00 Temperature: 25.20 *C \r\n'
b'Earth_humidity inf r\r\n'
b'Earth_humidity inf r\r\n'
b'Humidity: 28.00 Temperature: 25.20 *C \r\n'
b'Humidity: 28.00 Temperature: 25.20 *C \r\n'
b'Earth_humidity inf r\r\n'
b'Earth_humidity inf r\r\n'
b'Humidity: 28.00 Temperature: 25.20 *C \r\n'
b'Humidity: 28.00 Temperature: 25.20 *C \r\n'
b'Earth_humidity inf r\r\n'
b'Earth_humidity inf r\r\n'
b'Humidity: 28.00 Temperature: 25.20 *C \r\n'
b'Humidity: 28.00 Temperature: 25.20 *C \r\n'
b'Earth_humidity inf r\r\n'
b'Earth_humidity inf r\r\n'
b'Humidity: 28.00 Temperature: 25.10 *C \r\n'
b'Humidity: 28.00 Temperature: 25.10 *C \r\n'
b'Earth_humidity inf r\r\n'
b'Earth_humidity inf r\r\n'
b'Humidity: 28.00 Temperature: 25.10 *C \r\n'
b'Humidity: 28.00 Temperature: 25.10 *C \r\n'
b'Earth_humidity inf r\r\n'
b'Earth_humidity inf r\r\n'
b'Humidity: 28.00 Temperature: 25.20 *C \r\n'
b'Humidity: 28.00 Temperature: 25.20 *C \r\n'
b'Earth_humidity inf r\r\n'
b'Earth_humidity inf r\r\n'
b'Humidity: 28.00 Temperature: 25.20 *C \r\n'
b'Humidity: 28.00 Temperature: 25.20 *C \r\n'
b'Earth_humidity inf r\r\n'
b'Earth_humidity inf r\r\n'
b'Humidity: 28.00 Temperature: 25.20 *C \r\n'
b'Humidity: 28.00 Temperature: 25.20 *C \r\n'
b'Earth_humidity inf r\r\n'
b'Earth_humidity inf r\r\n'
b'Humidity: 28.00 Temperature: 25.20 *C \r\n'
b'Humidity: 28.00 Temperature: 25.20 *C \r\n'
b'Earth_humidity inf r\r\n'
b'Earth_humidity inf r\r\n'
b'Humidity: 28.00 Temperature: 25.20 *C \r\n'
b'Humidity: 28.00 Temperature: 25.20 *C \r\n'
b'Earth_humidity inf r\r\n'
b'Earth_humidity inf r\r\n'
b'Humidity: 28.00 Temperature: 25.20 *C \r\n'
b'Humidity: 28.00 Temperature: 25.20 *C \r\n'
b'Earth_humidity inf r\r\n'
b'Earth_humidity inf r\r\n'
b'Humidity: 28.00 Temperature: 25.20 *C \r\n'
b'Humidity: 28.00 Temperature: 25.20 *C \r\n'
b'Earth_humidity inf r\r\n'
b'Earth_humidity inf r\r\n'
b'Humidity: 28.00 Temperature: 25.20 *C \r\n'
b'Humidity: 28.00 Temperature: 25.20 *C \r\n'
b'Earth_humidity inf r\r\n'
b'Earth_humidity inf r\r\n'
b'Humidity: 28.00 Temperature: 25.20 *C \r\n'
b'Humidity: 28.00 Temperature: 25.20 *C \r\n'
b'Earth_humidity inf r\r\n'
b'Earth_humidity inf r\r\n'
b'Humidity: 28.00 Temperature: 25.20 *C \r\n'
b'Humidity: 28.00 Temperature: 25.20 *C \r\n'
b'Earth_humidity inf r\r\n'
b'Earth_humidity inf r\r\n'
b'Humidity: 28.00 Temperature: 25.20 *C \r\n'
b'Humidity: 28.00 Temperature: 25.20 *C \r\n'
b'Earth_humidity inf r\r\n'
b'Earth_humidity inf r\r\n'
b'Humidity: 28.00 Temperature: 25.20 *C \r\n'
b'Humidity: 28.00 Temperature: 25.20 *C \r\n'
b'Earth_humidity inf r\r\n'
b'Earth_humidity inf r\r\n'
b'Humidity: 28.00 Temperature: 25.20 *C \r\n'
b'Humidity: 28.00 Temperature: 25.20 *C \r\n'
b'Earth_humidity inf r\r\n'
b'Earth_humidity inf r\r\n'
b'Humidity: 28.00 Temperature: 25.20 *C \r\n'
b'Humidity: 28.00 Temperature: 25.20 *C \r\n'
b'Earth_humidity inf r\r\n'
b'Earth_humidity inf r\r\n'
b'Humidity: 28.00 Temperature: 25.20 *C \r\n'
b'Humidity: 28.00 Temperature: 25.20 *C \r\n'
b'Earth_humidity inf r\r\n'
b'Earth_humidity inf r\r\n'
b'Humidity: 28.00 Temperature: 25.20 *C \r\n'
b'Humidity: 28.00 Temperature: 25.20 *C \r\n'
b'Earth_humidity inf r\r\n'
b'Earth_humidity inf r\r\n'
b'Humidity: 28.00 Temperature: 25.20 *C \r\n'
b'Humidity: 28.00 Temperature: 25.20 *C \r\n'
b'Earth_humidity inf r\r\n'
b'Earth_humidity inf r\r\n'
b'Humidity: 28.00 Temperature: 25.20 *C \r\n'
b'Humidity: 28.00 Temperature: 25.20 *C \r\n'
b'Earth_humidity inf r\r\n'
b'Earth_humidity inf r\r\n'
b'Humidity: 28.00 Temperature: 25.20 *C \r\n'
b'Humidity: 28.00 Temperature: 25.20 *C \r\n'
b'Earth_humidity inf r\r\n'
b'Earth_humidity inf r\r\n'
b'Humidity: 28.00 Temperature: 25.20 *C \r\n'
b'Humidity: 28.00 Temperature: 25.20 *C \r\n'
b'Earth_humidity inf r\r\n'
b'Earth_humidity inf r\r\n'
b'Humidity: 28.00 Temperature: 25.20 *C \r\n'
b'Humidity: 28.00 Temperature: 25.20 *C \r\n'
b'Earth_humidity inf r\r\n'
b'Earth_humidity inf r\r\n'
b'Humidity: 28.00 Temperature: 25.20 *C \r\n'
b'Humidity: 28.00 Temperature: 25.20 *C \r\n'
b'Earth_humidity inf r\r\n'
b'Earth_humidity inf r\r\n'
b'Humidity: 28.00 Temperature: 25.10 *C \r\n'
b'Humidity: 28.00 Temperature: 25.10 *C \r\n'
b'Earth_humidity inf r\r\n'
b'Earth_humidity inf r\r\n'
b'Humidity: 29.00 Temperature: 25.20 *C \r\n'
b'Humidity: 29.00 Temperature: 25.20 *C \r\n'
b'Earth_humidity inf r\r\n'
b'Earth_humidity inf r\r\n'
b'Humidity: 29.00 Temperature: 25.20 *C \r\n'
b'Humidity: 29.00 Temperature: 25.20 *C \r\n'
b'Earth_humidity inf r\r\n'
b'Earth_humidity inf r\r\n'
b'Humidity: 29.00 Temperature: 25.20 *C \r\n'
b'Humidity: 29.00 Temperature: 25.20 *C \r\n'
b'Earth_humidity inf r\r\n'
b'Earth_humidity inf r\r\n'
b'Humidity: 29.00 Temperature: 25.20 *C \r\n'
b'Humidity: 29.00 Temperature: 25.20 *C \r\n'
b'Earth_humidity inf r\r\n'
b'Earth_humidity inf r\r\n'
b'Humidity: 29.00 Temperature: 25.20 *C \r\n'
b'Humidity: 29.00 Temperature: 25.20 *C \r\n'
b'Earth_humidity inf r\r\n'
b'Earth_humidity inf r\r\n'
b'Humidity: 29.00 Temperature: 25.20 *C \r\n'
b'Humidity: 29.00 Temperature: 25.20 *C \r\n'
b'Earth_humidity inf r\r\n'
b'Earth_humidity inf r\r\n'
b'Humidity: 29.00 Temperature: 25.20 *C \r\n'
b'Humidity: 29.00 Temperature: 25.20 *C \r\n'
b'Earth_humidity inf r\r\n'
b'Earth_humidity inf r\r\n'
b'Humidity: 28.00 Temperature: 25.20 *C \r\n'
b'Humidity: 28.00 Temperature: 25.20 *C \r\n'
b'Earth_humidity inf r\r\n'
b'Earth_humidity inf r\r\n'
b'Humidity: 28.00 Temperature: 25.20 *C \r\n'
b'Humidity: 28.00 Temperature: 25.20 *C \r\n'
b'Earth_humidity inf r\r\n'
b'Earth_humidity inf r\r\n'
b'Humidity: 28.00 Temperature: 25.30 *C \r\n'
b'Humidity: 28.00 Temperature: 25.30 *C \r\n'
b'Earth_humidity inf r\r\n'
b'Earth_humidity inf r\r\n'
b'Humidity: 29.00 Temperature: 25.20 *C \r\n'
b'Humidity: 29.00 Temperature: 25.20 *C \r\n'
b'Earth_humidity inf r\r\n'
b'Earth_humidity inf r\r\n'
b'Humidity: 29.00 Temperature: 25.20 *C \r\n'
b'Humidity: 29.00 Temperature: 25.20 *C \r\n'
b'Earth_humidity inf r\r\n'
b'Earth_humidity inf r\r\n'
b'Humidity: 29.00 Temperature: 25.20 *C \r\n'
b'Humidity: 29.00 Temperature: 25.20 *C \r\n'
b'Earth_humidity inf r\r\n'
b'Earth_humidity inf r\r\n'
b'Humidity: 29.00 Temperature: 25.20 *C \r\n'
b'Humidity: 29.00 Temperature: 25.20 *C \r\n'
b'Earth_humidity inf r\r\n'
b'Earth_humidity inf r\r\n'
b'Humidity: 29.00 Temperature: 25.20 *C \r\n'
b'Humidity: 29.00 Temperature: 25.20 *C \r\n'
b'Earth_humidity inf r\r\n'
b'Earth_humidity inf r\r\n'
b'Humidity: 29.00 Temperature: 25.30 *C \r\n'
b'Humidity: 29.00 Temperature: 25.30 *C \r\n'
b'Earth_humidity inf r\r\n'
b'Earth_humidity inf r\r\n'
b'Humidity: 29.00 Temperature: 25.30 *C \r\n'
b'Humidity: 29.00 Temperature: 25.30 *C \r\n'
b'Earth_humidity inf r\r\n'
b'Earth_humidity inf r\r\n'
b'Humidity: 29.00 Temperature: 25.20 *C \r\n'
b'Humidity: 29.00 Temperature: 25.20 *C \r\n'
b'Earth_humidity inf r\r\n'
b'Earth_humidity inf r\r\n'
b'Humidity: 29.00 Temperature: 25.20 *C \r\n'
b'Humidity: 29.00 Temperature: 25.20 *C \r\n'
b'Earth_humidity inf r\r\n'
b'Earth_humidity inf r\r\n'
b'Humidity: 29.00 Temperature: 25.30 *C \r\n'
b'Humidity: 29.00 Temperature: 25.30 *C \r\n'
b'Earth_humidity inf r\r\n'
b'Earth_humidity inf r\r\n'
b'Humidity: 28.00 Temperature: 25.20 *C \r\n'
b'Humidity: 28.00 Temperature: 25.20 *C \r\n'
b'Earth_humidity inf r\r\n'
b'Earth_humidity inf r\r\n'
b'Humidity: 29.00 Temperature: 25.30 *C \r\n'
b'Humidity: 29.00 Temperature: 25.30 *C \r\n'
b'Earth_humidity inf r\r\n'
b'Earth_humidity inf r\r\n'
b'Humidity: 28.00 Temperature: 25.30 *C \r\n'
b'Humidity: 28.00 Temperature: 25.30 *C \r\n'
b'Earth_humidity inf r\r\n'
b'Earth_humidity inf r\r\n'
b'Humidity: 28.00 Temperature: 25.30 *C \r\n'
b'Humidity: 28.00 Temperature: 25.30 *C \r\n'
b'Earth_humidity inf r\r\n'
b'Earth_humidity inf r\r\n'
b'Humidity: 28.00 Temperature: 25.30 *C \r\n'
b'Humidity: 28.00 Temperature: 25.30 *C \r\n'
b'Earth_humidity inf r\r\n'
b'Earth_humidity inf r\r\n'
b'Humidity: 28.00 Temperature: 25.30 *C \r\n'
b'Humidity: 28.00 Temperature: 25.30 *C \r\n'
b'Earth_humidity inf r\r\n'
b'Earth_humidity inf r\r\n'
b'Humidity: 28.00 Temperature: 25.30 *C \r\n'
b'Humidity: 28.00 Temperature: 25.30 *C \r\n'
b'Earth_humidity inf r\r\n'
b'Earth_humidity inf r\r\n'
b'Humidity: 28.00 Temperature: 25.30 *C \r\n'
b'Humidity: 28.00 Temperature: 25.30 *C \r\n'
b'Earth_humidity inf r\r\n'
b'Earth_humidity inf r\r\n'
b'Humidity: 28.00 Temperature: 25.20 *C \r\n'
b'Humidity: 28.00 Temperature: 25.20 *C \r\n'
b'Earth_humidity inf r\r\n'
b'Earth_humidity inf r\r\n'
b'Humidity: 28.00 Temperature: 25.30 *C \r\n'
b'Humidity: 28.00 Temperature: 25.30 *C \r\n'
b'Earth_humidity inf r\r\n'
b'Earth_humidity inf r\r\n'
b'Humidity: 28.00 Temperature: 25.30 *C \r\n'
b'Humidity: 28.00 Temperature: 25.30 *C \r\n'
b'Earth_humidity inf r\r\n'
b'Earth_humidity inf r\r\n'
b'Humidity: 28.00 Temperature: 25.20 *C \r\n'
b'Humidity: 28.00 Temperature: 25.20 *C \r\n'
b'Earth_humidity inf r\r\n'
b'Earth_humidity inf r\r\n'
b'Humidity: 28.00 Temperature: 25.40 *C \r\n'
b'Humidity: 28.00 Temperature: 25.40 *C \r\n'
b'Earth_humidity inf r\r\n'
b'Earth_humidity inf r\r\n'
b'Humidity: 29.00 Temperature: 25.30 *C \r\n'
b'Humidity: 29.00 Temperature: 25.30 *C \r\n'
b'Earth_humidity inf r\r\n'
b'Earth_humidity inf r\r\n'
b'Humidity: 29.00 Temperature: 25.30 *C \r\n'
b'Humidity: 29.00 Temperature: 25.30 *C \r\n'
b'Earth_humidity inf r\r\n'
b'Earth_humidity inf r\r\n'
b'Humidity: 29.00 Temperature: 25.30 *C \r\n'
b'Humidity: 29.00 Temperature: 25.30 *C \r\n'
b'Earth_humidity inf r\r\n'
b'Earth_humidity inf r\r\n'
b'Humidity: 29.00 Temperature: 25.30 *C \r\n'
b'Humidity: 29.00 Temperature: 25.30 *C \r\n'
b'Earth_humidity inf r\r\n'
b'Earth_humidity inf r\r\n'
b'Humidity: 29.00 Temperature: 25.20 *C \r\n'
b'Humidity: 29.00 Temperature: 25.20 *C \r\n'
b'Earth_humidity inf r\r\n'
b'Earth_humidity inf r\r\n'
b'Humidity: 29.00 Temperature: 25.30 *C \r\n'
b'Humidity: 29.00 Temperature: 25.30 *C \r\n'
b'Earth_humidity inf r\r\n'
b'Earth_humidity inf r\r\n'
b'Humidity: 29.00 Temperature: 25.30 *C \r\n'
b'Humidity: 29.00 Temperature: 25.30 *C \r\n'
b'Earth_humidity inf r\r\n'
b'Earth_humidity inf r\r\n'
b'Humidity: 29.00 Temperature: 25.30 *C \r\n'
b'Humidity: 29.00 Temperature: 25.30 *C \r\n'
b'Earth_humidity inf r\r\n'
b'Earth_humidity inf r\r\n'
b'Humidity: 29.00 Temperature: 25.30 *C \r\n'
b'Humidity: 29.00 Temperature: 25.30 *C \r\n'
b'Earth_humidity inf r\r\n'
b'Earth_humidity inf r\r\n'
b'Humidity: 29.00 Temperature: 25.30 *C \r\n'
b'Humidity: 29.00 Temperature: 25.30 *C \r\n'
b'Earth_humidity inf r\r\n'
b'Earth_humidity inf r\r\n'
b'Humidity: 29.00 Temperature: 25.30 *C \r\n'
b'Humidity: 29.00 Temperature: 25.30 *C \r\n'
b'Earth_humidity inf r\r\n'
b'Earth_humidity inf r\r\n'
b'Humidity: 29.00 Temperature: 25.30 *C \r\n'
b'Humidity: 29.00 Temperature: 25.30 *C \r\n'
b'Earth_humidity inf r\r\n'
b'Earth_humidity inf r\r\n'
b'Humidity: 29.00 Temperature: 25.30 *C \r\n'
b'Humidity: 29.00 Temperature: 25.30 *C \r\n'
b'Earth_humidity inf r\r\n'
b'Earth_humidity inf r\r\n'
b'Humidity: 29.00 Temperature: 25.40 *C \r\n'
b'Humidity: 29.00 Temperature: 25.40 *C \r\n'
b'Earth_humidity inf r\r\n'
b'Earth_humidity inf r\r\n'
b'Humidity: 29.00 Temperature: 25.30 *C \r\n'
b'Humidity: 29.00 Temperature: 25.30 *C \r\n'
b'Earth_humidity inf r\r\n'
b'Earth_humidity inf r\r\n'
b'Humidity: 29.00 Temperature: 25.30 *C \r\n'
b'Humidity: 29.00 Temperature: 25.30 *C \r\n'
b'Earth_humidity inf r\r\n'
b'Earth_humidity inf r\r\n'
b'Humidity: 29.00 Temperature: 25.30 *C \r\n'
b'Humidity: 29.00 Temperature: 25.30 *C \r\n'
b'Earth_humidity inf r\r\n'
b'Earth_humidity inf r\r\n'
b'Humidity: 29.00 Temperature: 25.30 *C \r\n'
b'Humidity: 29.00 Temperature: 25.30 *C \r\n'
b'Earth_humidity inf r\r\n'
b'Earth_humidity inf r\r\n'
b'Humidity: 29.00 Temperature: 25.30 *C \r\n'
b'Humidity: 29.00 Temperature: 25.30 *C \r\n'
b'Earth_humidity inf r\r\n'
b'Earth_humidity inf r\r\n'
b'Humidity: 29.00 Temperature: 25.30 *C \r\n'
b'Humidity: 29.00 Temperature: 25.30 *C \r\n'
b'Earth_humidity inf r\r\n'
b'Earth_humidity inf r\r\n'
b'Humidity: 29.00 Temperature: 25.30 *C \r\n'
b'Humidity: 29.00 Temperature: 25.30 *C \r\n'
b'Earth_humidity inf r\r\n'
b'Earth_humidity inf r\r\n'
b'Humidity: 29.00 Temperature: 25.30 *C \r\n'
b'Humidity: 29.00 Temperature: 25.30 *C \r\n'
b'Earth_humidity inf r\r\n'
b'Earth_humidity inf r\r\n'
b'Hmidt:2.0Tmeaue 5 C\rEat_uiiyifr\n'
b'Hmidt:2.0Tmeaue 5 C\rEat_uiiyifr\n'
Traceback (most recent call last):
  File "/usr/local/lib/python3.5/dist-packages/serial/serialposix.py", line 501, in read
    'device reports readiness to read but returned no data '
serial.serialutil.SerialException: device reports readiness to read but returned no data (device disconnected or multiple access on port?)

During handling of the above exception, another exception occurred:

Traceback (most recent call last):
  File "data/serial_insert_mongodb.py", line 41, in <module>
    line = str(ser.readline())
  File "/usr/local/lib/python3.5/dist-packages/serial/serialposix.py", line 509, in read
    raise SerialException('read failed: {}'.format(e))
serial.serialutil.SerialException: read failed: device reports readiness to read but returned no data (device disconnected or multiple access on port?)
b'rhhmdt n \rHmiiy 90 eprtr:2.50* \n'
b'rhhmdt n \rHmiiy 90 eprtr:2.50* \n'
b't_uiiyifr\n'
b't_uiiyifr\n'
b'Hmiiy 90 eprtr:2.30 *C \r\n'
b'Hmiiy 90 eprtr:2.30 *C \r\n'
b'Earth_humidity inf r\r\n'
b'Earth_humidity inf r\r\n'
b'Humidity: 29.00 Temperature: 25.30 *C \r\n'
b'Humidity: 29.00 Temperature: 25.30 *C \r\n'
b'Earth_humidity inf r\r\n'
b'Earth_humidity inf r\r\n'
b'Humidity: 29.00 Temperature: 25.30 *C \r\n'
b'Humidity: 29.00 Temperature: 25.30 *C \r\n'
b'Earth_humidity inf r\r\n'
b'Earth_humidity inf r\r\n'
b'Humidity: 28.00 Temperature: 25.30 *C \r\n'
b'Humidity: 28.00 Temperature: 25.30 *C \r\n'
b'Earth_humidity inf r\r\n'
b'Earth_humidity inf r\r\n'
b'Humidity: 29.00 Temperature: 25.30 *C \r\n'
b'Humidity: 29.00 Temperature: 25.30 *C \r\n'
b'Earth_humidity inf r\r\n'
b'Earth_humidity inf r\r\n'
b'Humidity: 28.00 Temperature: 25.30 *C \r\n'
b'Humidity: 28.00 Temperature: 25.30 *C \r\n'
b'Earth_humidity inf r\r\n'
b'Earth_humidity inf r\r\n'
b'Humidity: 29.00 Temperature: 25.30 *C \r\n'
b'Humidity: 29.00 Temperature: 25.30 *C \r\n'
b'Earth_humidity inf r\r\n'
b'Earth_humidity inf r\r\n'
b'Humidity: 28.00 Temperature: 25.30 *C \r\n'
b'Humidity: 28.00 Temperature: 25.30 *C \r\n'
b'Earth_humidity inf r\r\n'
b'Earth_humidity inf r\r\n'
b'Humidity: 29.00 Temperature: 25.30 *C \r\n'
b'Humidity: 29.00 Temperature: 25.30 *C \r\n'
b'Earth_humidity inf r\r\n'
b'Earth_humidity inf r\r\n'
b'Humidity: 29.00 Temperature: 25.30 *C \r\n'
b'Humidity: 29.00 Temperature: 25.30 *C \r\n'
b'Earth_humidity inf r\r\n'
b'Earth_humidity inf r\r\n'
b'Humidity: 29.00 Temperature: 25.30 *C \r\n'
b'Humidity: 29.00 Temperature: 25.30 *C \r\n'
b'Earth_humidity inf r\r\n'
b'Earth_humidity inf r\r\n'
b'Humidity: 29.00 Temperature: 25.30 *C \r\n'
b'Humidity: 29.00 Temperature: 25.30 *C \r\n'
b'Earth_humidity inf r\r\n'
b'Earth_humidity inf r\r\n'
b'Humidity: 29.00 Temperature: 25.30 *C \r\n'
b'Humidity: 29.00 Temperature: 25.30 *C \r\n'
b'Earth_humidity inf r\r\n'
b'Earth_humidity inf r\r\n'
b'Humidity: 29.00 Temperature: 25.30 *C \r\n'
b'Humidity: 29.00 Temperature: 25.30 *C \r\n'
b'Earth_humidity inf r\r\n'
b'Earth_humidity inf r\r\n'
b'Humidity: 29.00 Temperature: 25.30 *C \r\n'
b'Humidity: 29.00 Temperature: 25.30 *C \r\n'
b'Earth_humidity inf r\r\n'
b'Earth_humidity inf r\r\n'
b'Humidity: 29.00 Temperature: 25.30 *C \r\n'
b'Humidity: 29.00 Temperature: 25.30 *C \r\n'
b'Earth_humidity inf r\r\n'
b'Earth_humidity inf r\r\n'
b'Humidity: 29.00 Temperature: 25.30 *C \r\n'
b'Humidity: 29.00 Temperature: 25.30 *C \r\n'
b'Earth_humidity inf r\r\n'
b'Earth_humidity inf r\r\n'
b'Humidity: 29.00 Temperature: 25.30 *C \r\n'
b'Humidity: 29.00 Temperature: 25.30 *C \r\n'
b'Earth_humidity inf r\r\n'
b'Earth_humidity inf r\r\n'
b'Humidity: 29.00 Temperature: 25.30 *C \r\n'
b'Humidity: 29.00 Temperature: 25.30 *C \r\n'
b'Earth_humidity inf r\r\n'
b'Earth_humidity inf r\r\n'
b'Humidity: 29.00 Temperature: 25.50 *C \r\n'
b'Humidity: 29.00 Temperature: 25.50 *C \r\n'
b'Earth_humidity inf r\r\n'
b'Earth_humidity inf r\r\n'
b'Humidity: 29.00 Temperature: 25.30 *C \r\n'
b'Humidity: 29.00 Temperature: 25.30 *C \r\n'
b'Earth_humidity inf r\r\n'
b'Earth_humidity inf r\r\n'
b'Humidity: 29.00 Temperature: 25.30 *C \r\n'
b'Humidity: 29.00 Temperature: 25.30 *C \r\n'
b'Earth_humidity inf r\r\n'
b'Earth_humidity inf r\r\n'
b'Humidity: 29.00 Temperature: 25.40 *C \r\n'
b'Humidity: 29.00 Temperature: 25.40 *C \r\n'
b'Earth_humidity inf r\r\n'
b'Earth_humidity inf r\r\n'
b'Humidity: 29.00 Temperature: 25.50 *C \r\n'
b'Humidity: 29.00 Temperature: 25.50 *C \r\n'
b'Earth_humidity inf r\r\n'
b'Earth_humidity inf r\r\n'
b'Humidity: 29.00 Temperature: 25.30 *C \r\n'
b'Humidity: 29.00 Temperature: 25.30 *C \r\n'
b'Earth_humidity inf r\r\n'
b'Earth_humidity inf r\r\n'
b'Humidity: 29.00 Temperature: 25.30 *C \r\n'
b'Humidity: 29.00 Temperature: 25.30 *C \r\n'
b'Earth_humidity inf r\r\n'
b'Earth_humidity inf r\r\n'
b'Humidity: 29.00 Temperature: 25.30 *C \r\n'
b'Humidity: 29.00 Temperature: 25.30 *C \r\n'
b'Earth_humidity inf r\r\n'
b'Earth_humidity inf r\r\n'
b'Humidity: 29.00 Temperature: 25.30 *C \r\n'
b'Humidity: 29.00 Temperature: 25.30 *C \r\n'
b'Earth_humidity inf r\r\n'
b'Earth_humidity inf r\r\n'
b'Humidity: 29.00 Temperature: 25.30 *C \r\n'
b'Humidity: 29.00 Temperature: 25.30 *C \r\n'
b'Earth_humidity inf r\r\n'
b'Earth_humidity inf r\r\n'
b'Humidity: 29.00 Temperature: 25.30 *C \r\n'
b'Humidity: 29.00 Temperature: 25.30 *C \r\n'
b'Earth_humidity inf r\r\n'
b'Earth_humidity inf r\r\n'
b'Humidity: 29.00 Temperature: 25.30 *C \r\n'
b'Humidity: 29.00 Temperature: 25.30 *C \r\n'
b'Earth_humidity inf r\r\n'
b'Earth_humidity inf r\r\n'
b'Humidity: 29.00 Temperature: 25.30 *C \r\n'
b'Humidity: 29.00 Temperature: 25.30 *C \r\n'
b'Earth_humidity inf r\r\n'
b'Earth_humidity inf r\r\n'
b'Humidity: 29.00 Temperature: 25.30 *C \r\n'
b'Humidity: 29.00 Temperature: 25.30 *C \r\n'
b'Earth_humidity inf r\r\n'
b'Earth_humidity inf r\r\n'
b'Humidity: 29.00 Temperature: 25.30 *C \r\n'
b'Humidity: 29.00 Temperature: 25.30 *C \r\n'
b'Earth_humidity inf r\r\n'
b'Earth_humidity inf r\r\n'
b'Humidity: 29.00 Temperature: 25.30 *C \r\n'
b'Humidity: 29.00 Temperature: 25.30 *C \r\n'
b'Earth_humidity inf r\r\n'
b'Earth_humidity inf r\r\n'
b'Humidity: 29.00 Temperature: 25.50 *C \r\n'
b'Humidity: 29.00 Temperature: 25.50 *C \r\n'
b'Earth_humidity inf r\r\n'
b'Earth_humidity inf r\r\n'
b'Humidity: 29.00 Temperature: 25.30 *C \r\n'
b'Humidity: 29.00 Temperature: 25.30 *C \r\n'
b'Earth_humidity inf r\r\n'
b'Earth_humidity inf r\r\n'
b'Humidity: 29.00 Temperature: 25.30 *C \r\n'
b'Humidity: 29.00 Temperature: 25.30 *C \r\n'
b'Earth_humidity inf r\r\n'
b'Earth_humidity inf r\r\n'
b'Humidity: 29.00 Temperature: 25.30 *C \r\n'
b'Humidity: 29.00 Temperature: 25.30 *C \r\n'
b'Earth_humidity inf r\r\n'
b'Earth_humidity inf r\r\n'
b'Humidity: 29.00 Temperature: 25.30 *C \r\n'
b'Humidity: 29.00 Temperature: 25.30 *C \r\n'
b'Earth_humidity inf r\r\n'
b'Earth_humidity inf r\r\n'
b'Humidity: 29.00 Temperature: 25.30 *C \r\n'
b'Humidity: 29.00 Temperature: 25.30 *C \r\n'
b'Earth_humidity inf r\r\n'
b'Earth_humidity inf r\r\n'
b'Humidity: 29.00 Temperature: 25.30 *C \r\n'
b'Humidity: 29.00 Temperature: 25.30 *C \r\n'
b'Earth_humidity inf r\r\n'
b'Earth_humidity inf r\r\n'
b'Humidity: 29.00 Temperature: 25.30 *C \r\n'
b'Humidity: 29.00 Temperature: 25.30 *C \r\n'
b'Earth_humidity inf r\r\n'
b'Earth_humidity inf r\r\n'
b'Humidity: 29.00 Temperature: 25.30 *C \r\n'
b'Humidity: 29.00 Temperature: 25.30 *C \r\n'
b'Earth_humidity inf r\r\n'
b'Earth_humidity inf r\r\n'
b'Humidity: 29.00 Temperature: 25.50 *C \r\n'
b'Humidity: 29.00 Temperature: 25.50 *C \r\n'
b'Earth_humidity inf r\r\n'
b'Earth_humidity inf r\r\n'
b'Humidity: 29.00 Temperature: 25.30 *C \r\n'
b'Humidity: 29.00 Temperature: 25.30 *C \r\n'
b'Earth_humidity inf r\r\n'
b'Earth_humidity inf r\r\n'
b'Humidity: 29.00 Temperature: 25.30 *C \r\n'
b'Humidity: 29.00 Temperature: 25.30 *C \r\n'
b'Earth_humidity inf r\r\n'
b'Earth_humidity inf r\r\n'
b'Humidity: 29.00 Temperature: 25.50 *C \r\n'
b'Humidity: 29.00 Temperature: 25.50 *C \r\n'
b'Earth_humidity inf r\r\n'
b'Earth_humidity inf r\r\n'
b'Humidity: 29.00 Temperature: 25.50 *C \r\n'
b'Humidity: 29.00 Temperature: 25.50 *C \r\n'
b'Earth_humidity inf r\r\n'
b'Earth_humidity inf r\r\n'
b'Humidity: 29.00 Temperature: 25.50 *C \r\n'
b'Humidity: 29.00 Temperature: 25.50 *C \r\n'
b'Earth_humidity inf r\r\n'
b'Earth_humidity inf r\r\n'
b'Humidity: 29.00 Temperature: 25.30 *C \r\n'
b'Humidity: 29.00 Temperature: 25.30 *C \r\n'
b'Earth_humidity inf r\r\n'
b'Earth_humidity inf r\r\n'
b'Humidity: 29.00 Temperature: 25.50 *C \r\n'
b'Humidity: 29.00 Temperature: 25.50 *C \r\n'
b'Earth_humidity inf r\r\n'
b'Earth_humidity inf r\r\n'
b'Humidity: 29.00 Temperature: 25.50 *C \r\n'
b'Humidity: 29.00 Temperature: 25.50 *C \r\n'
b'Earth_humidity inf r\r\n'
b'Earth_humidity inf r\r\n'
b'Humidity: 29.00 Temperature: 25.50 *C \r\n'
b'Humidity: 29.00 Temperature: 25.50 *C \r\n'
b'Earth_humidity inf r\r\n'
b'Earth_humidity inf r\r\n'
b'Humidity: 29.00 Temperature: 25.40 *C \r\n'
b'Humidity: 29.00 Temperature: 25.40 *C \r\n'
b'Earth_humidity inf r\r\n'
b'Earth_humidity inf r\r\n'
b'Humidity: 29.00 Temperature: 25.50 *C \r\n'
b'Humidity: 29.00 Temperature: 25.50 *C \r\n'
b'Earth_humidity inf r\r\n'
b'Earth_humidity inf r\r\n'
b'Humidity: 29.00 Temperature: 25.30 *C \r\n'
b'Humidity: 29.00 Temperature: 25.30 *C \r\n'
b'Earth_humidity inf r\r\n'
b'Earth_humidity inf r\r\n'
b'Humidity: 29.00 Temperature: 25.50 *C \r\n'
b'Humidity: 29.00 Temperature: 25.50 *C \r\n'
b'Earth_humidity inf r\r\n'
b'Earth_humidity inf r\r\n'
b'Humidity: 29.00 Temperature: 25.50 *C \r\n'
b'Humidity: 29.00 Temperature: 25.50 *C \r\n'
b'Earth_humidity inf r\r\n'
b'Earth_humidity inf r\r\n'
b'Humidity: 29.00 Temperature: 25.50 *C \r\n'
b'Humidity: 29.00 Temperature: 25.50 *C \r\n'
b'Earth_humidity inf r\r\n'
b'Earth_humidity inf r\r\n'
b'Humidity: 29.00 Temperature: 25.50 *C \r\n'
b'Humidity: 29.00 Temperature: 25.50 *C \r\n'
b'Earth_humidity inf r\r\n'
b'Earth_humidity inf r\r\n'
b'Humidity: 29.00 Temperature: 25.40 *C \r\n'
b'Humidity: 29.00 Temperature: 25.40 *C \r\n'
b'Earth_humidity inf r\r\n'
b'Earth_humidity inf r\r\n'
b'Humidity: 29.00 Temperature: 25.30 *C \r\n'
b'Humidity: 29.00 Temperature: 25.30 *C \r\n'
b'Earth_humidity inf r\r\n'
b'Earth_humidity inf r\r\n'
b'Humidity: 29.00 Temperature: 25.50 *C \r\n'
b'Humidity: 29.00 Temperature: 25.50 *C \r\n'
b'Earth_humidity inf r\r\n'
b'Earth_humidity inf r\r\n'
b'Humidity: 29.00 Temperature: 25.50 *C \r\n'
b'Humidity: 29.00 Temperature: 25.50 *C \r\n'
b'Earth_humidity inf r\r\n'
b'Earth_humidity inf r\r\n'
b'Humidity: 29.00 Temperature: 25.50 *C \r\n'
b'Humidity: 29.00 Temperature: 25.50 *C \r\n'
b'Earth_humidity inf r\r\n'
b'Earth_humidity inf r\r\n'
b'Humidity: 29.00 Temperature: 25.50 *C \r\n'
b'Humidity: 29.00 Temperature: 25.50 *C \r\n'
b'Earth_humidity inf r\r\n'
b'Earth_humidity inf r\r\n'
b'Humidity: 29.00 Temperature: 25.30 *C \r\n'
b'Humidity: 29.00 Temperature: 25.30 *C \r\n'
b'Earth_humidity inf r\r\n'
b'Earth_humidity inf r\r\n'
b'Humidity: 29.00 Temperature: 25.50 *C \r\n'
b'Humidity: 29.00 Temperature: 25.50 *C \r\n'
b'Earth_humidity inf r\r\n'
b'Earth_humidity inf r\r\n'
b'Humidity: 29.00 Temperature: 25.50 *C \r\n'
b'Humidity: 29.00 Temperature: 25.50 *C \r\n'
b'Earth_humidity inf r\r\n'
b'Earth_humidity inf r\r\n'
b'Humidity: 29.00 Temperature: 25.50 *C \r\n'
b'Humidity: 29.00 Temperature: 25.50 *C \r\n'
b'Earth_humidity inf r\r\n'
b'Earth_humidity inf r\r\n'
b'Humidity: 29.00 Temperature: 25.30 *C \r\n'
b'Humidity: 29.00 Temperature: 25.30 *C \r\n'
b'Earth_humidity inf r\r\n'
b'Earth_humidity inf r\r\n'
b'Humidity: 29.00 Temperature: 25.50 *C \r\n'
b'Humidity: 29.00 Temperature: 25.50 *C \r\n'
b'Earth_humidity inf r\r\n'
b'Earth_humidity inf r\r\n'
b'Humidity: 29.00 Temperature: 25.50 *C \r\n'
b'Humidity: 29.00 Temperature: 25.50 *C \r\n'
b'Earth_humidity inf r\r\n'
b'Earth_humidity inf r\r\n'
b'Humidity: 29.00 Temperature: 25.50 *C \r\n'
b'Humidity: 29.00 Temperature: 25.50 *C \r\n'
b'Earth_humidity inf r\r\n'
b'Earth_humidity inf r\r\n'
b'Humidity: 29.00 Temperature: 25.50 *C \r\n'
b'Humidity: 29.00 Temperature: 25.50 *C \r\n'
b'Earth_humidity inf r\r\n'
b'Earth_humidity inf r\r\n'
b'Humidity: 29.00 Temperature: 25.30 *C \r\n'
b'Humidity: 29.00 Temperature: 25.30 *C \r\n'
b'Earth_humidity inf r\r\n'
b'Earth_humidity inf r\r\n'
b'Humidity: 29.00 Temperature: 25.50 *C \r\n'
b'Humidity: 29.00 Temperature: 25.50 *C \r\n'
b'Earth_humidity inf r\r\n'
b'Earth_humidity inf r\r\n'
b'Humidity: 29.00 Temperature: 25.50 *C \r\n'
b'Humidity: 29.00 Temperature: 25.50 *C \r\n'
b'Earth_humidity inf r\r\n'
b'Earth_humidity inf r\r\n'
b'Humidity: 29.00 Temperature: 25.50 *C \r\n'
b'Humidity: 29.00 Temperature: 25.50 *C \r\n'
b'Earth_humidity inf r\r\n'
b'Earth_humidity inf r\r\n'
b'Humidity: 29.00 Temperature: 25.50 *C \r\n'
b'Humidity: 29.00 Temperature: 25.50 *C \r\n'
b'Earth_humidity inf r\r\n'
b'Earth_humidity inf r\r\n'
b'Humidity: 29.00 Temperature: 25.50 *C \r\n'
b'Humidity: 29.00 Temperature: 25.50 *C \r\n'
b'Earth_humidity inf r\r\n'
b'Earth_humidity inf r\r\n'
b'Humidity: 29.00 Temperature: 25.50 *C \r\n'
b'Humidity: 29.00 Temperature: 25.50 *C \r\n'
b'Earth_humidity inf r\r\n'
b'Earth_humidity inf r\r\n'
b'Humidity: 29.00 Temperature: 25.50 *C \r\n'
b'Humidity: 29.00 Temperature: 25.50 *C \r\n'
b'Earth_humidity inf r\r\n'
b'Earth_humidity inf r\r\n'
b'Humidity: 29.00 Temperature: 25.50 *C \r\n'
b'Humidity: 29.00 Temperature: 25.50 *C \r\n'
b'Earth_humidity inf r\r\n'
b'Earth_humidity inf r\r\n'
b'Humidity: 29.00 Temperature: 25.50 *C \r\n'
b'Humidity: 29.00 Temperature: 25.50 *C \r\n'
b'Earth_humidity inf r\r\n'
b'Earth_humidity inf r\r\n'
b'Humidity: 29.00 Temperature: 25.50 *C \r\n'
b'Humidity: 29.00 Temperature: 25.50 *C \r\n'
b'Earth_humidity inf r\r\n'
b'Earth_humidity inf r\r\n'
b'Humidity: 29.00 Temperature: 25.50 *C \r\n'
b'Humidity: 29.00 Temperature: 25.50 *C \r\n'
b'Earth_humidity inf r\r\n'
b'Earth_humidity inf r\r\n'
b'Humidity: 29.00 Temperature: 25.50 *C \r\n'
b'Humidity: 29.00 Temperature: 25.50 *C \r\n'
b'Earth_humidity inf r\r\n'
b'Earth_humidity inf r\r\n'
b'Humidity: 29.00 Temperature: 25.50 *C \r\n'
b'Humidity: 29.00 Temperature: 25.50 *C \r\n'
b'Earth_humidity inf r\r\n'
b'Earth_humidity inf r\r\n'
b'Humidity: 29.00 Temperature: 25.50 *C \r\n'
b'Humidity: 29.00 Temperature: 25.50 *C \r\n'
b'Earth_humidity inf r\r\n'
b'Earth_humidity inf r\r\n'
b'Humidity: 29.00 Temperature: 25.50 *C \r\n'
b'Humidity: 29.00 Temperature: 25.50 *C \r\n'
b'Earth_humidity inf r\r\n'
b'Earth_humidity inf r\r\n'
b'Humidity: 29.00 Temperature: 25.50 *C \r\n'
b'Humidity: 29.00 Temperature: 25.50 *C \r\n'
b'Earth_humidity inf r\r\n'
b'Earth_humidity inf r\r\n'
b'Humidity: 29.00 Temperature: 25.50 *C \r\n'
b'Humidity: 29.00 Temperature: 25.50 *C \r\n'
b'Earth_humidity inf r\r\n'
b'Earth_humidity inf r\r\n'
b'Humidity: 29.00 Temperature: 25.50 *C \r\n'
b'Humidity: 29.00 Temperature: 25.50 *C \r\n'
b'Earth_humidity inf r\r\n'
b'Earth_humidity inf r\r\n'
b'Humidity: 29.00 Temperature: 25.50 *C \r\n'
b'Humidity: 29.00 Temperature: 25.50 *C \r\n'
b'Earth_humidity inf r\r\n'
b'Earth_humidity inf r\r\n'
b'Humidity: 29.00 Temperature: 25.50 *C \r\n'
b'Humidity: 29.00 Temperature: 25.50 *C \r\n'
b'Earth_humidity inf r\r\n'
b'Earth_humidity inf r\r\n'
b'Humidity: 29.00 Temperature: 25.50 *C \r\n'
b'Humidity: 29.00 Temperature: 25.50 *C \r\n'
b'Earth_humidity 1022000.00 r\r\n'
b'Earth_humidity 1022000.00 r\r\n'
b'Humidity: 29.00 Temperature: 25.50 *C \r\n'
b'Humidity: 29.00 Temperature: 25.50 *C \r\n'
b'Earth_humidity inf r\r\n'
b'Earth_humidity inf r\r\n'
b'Humidity: 29.00 Temperature: 25.50 *C \r\n'
b'Humidity: 29.00 Temperature: 25.50 *C \r\n'
b'Earth_humidity inf r\r\n'
b'Earth_humidity inf r\r\n'
b'Humidity: 29.00 Temperature: 25.50 *C \r\n'
b'Humidity: 29.00 Temperature: 25.50 *C \r\n'
b'Earth_humidity inf r\r\n'
b'Earth_humidity inf r\r\n'
b'Humidity: 29.00 Temperature: 25.50 *C \r\n'
b'Humidity: 29.00 Temperature: 25.50 *C \r\n'
b'Earth_humidity inf r\r\n'
b'Earth_humidity inf r\r\n'
b'Humidity: 29.00 Temperature: 25.50 *C \r\n'
b'Humidity: 29.00 Temperature: 25.50 *C \r\n'
b'Earth_humidity inf r\r\n'
b'Earth_humidity inf r\r\n'
b'Humidity: 29.00 Temperature: 25.50 *C \r\n'
b'Humidity: 29.00 Temperature: 25.50 *C \r\n'
b'Earth_humidity inf r\r\n'
b'Earth_humidity inf r\r\n'
b'Humidity: 29.00 Temperature: 25.40 *C \r\n'
b'Humidity: 29.00 Temperature: 25.40 *C \r\n'
b'Earth_humidity inf r\r\n'
b'Earth_humidity inf r\r\n'
b'Humidity: 29.00 Temperature: 25.50 *C \r\n'
b'Humidity: 29.00 Temperature: 25.50 *C \r\n'
b'Earth_humidity inf r\r\n'
b'Earth_humidity inf r\r\n'
b'Humidity: 29.00 Temperature: 25.50 *C \r\n'
b'Humidity: 29.00 Temperature: 25.50 *C \r\n'
b'Earth_humidity inf r\r\n'
b'Earth_humidity inf r\r\n'
b'Humidity: 29.00 Temperature: 25.50 *C \r\n'
b'Humidity: 29.00 Temperature: 25.50 *C \r\n'
b'Earth_humidity inf r\r\n'
b'Earth_humidity inf r\r\n'
b'Humidity: 29.00 Temperature: 25.50 *C \r\n'
b'Humidity: 29.00 Temperature: 25.50 *C \r\n'
b'Earth_humidity inf r\r\n'
b'Earth_humidity inf r\r\n'
b'Humidity: 29.00 Temperature: 25.50 *C \r\n'
b'Humidity: 29.00 Temperature: 25.50 *C \r\n'
b'Earth_humidity inf r\r\n'
b'Earth_humidity inf r\r\n'
b'Humidity: 29.00 Temperature: 25.50 *C \r\n'Traceback (most recent call last):
  File "/usr/local/lib/python3.5/dist-packages/serial/serialposix.py", line 501, in read
    'device reports readiness to read but returned no data '
serial.serialutil.SerialException: device reports readiness to read but returned no data (device disconnected or multiple access on port?)

During handling of the above exception, another exception occurred:

Traceback (most recent call last):
  File "data/serial_insert_mongodb.py", line 13, in <module>
    line = ser.readline() 
  File "/usr/local/lib/python3.5/dist-packages/serial/serialposix.py", line 509, in read
    raise SerialException('read failed: {}'.format(e))
serial.serialutil.SerialException: read failed: device reports readiness to read but returned no data (device disconnected or multiple access on port?)
Traceback (most recent call last):
  File "/usr/local/lib/python3.5/dist-packages/serial/serialposix.py", line 501, in read
    'device reports readiness to read but returned no data '
serial.serialutil.SerialException: device reports readiness to read but returned no data (device disconnected or multiple access on port?)

During handling of the above exception, another exception occurred:

Traceback (most recent call last):
  File "data/serial_insert_mongodb.py", line 41, in <module>
    line = str(ser.readline())
  File "/usr/local/lib/python3.5/dist-packages/serial/serialposix.py", line 509, in read
    raise SerialException('read failed: {}'.format(e))
serial.serialutil.SerialException: read failed: device reports readiness to read but returned no data (device disconnected or multiple access on port?)
Traceback (most recent call last):
  File "/usr/local/lib/python3.5/dist-packages/serial/serialposix.py", line 501, in read
    'device reports readiness to read but returned no data '
serial.serialutil.SerialException: device reports readiness to read but returned no data (device disconnected or multiple access on port?)

During handling of the above exception, another exception occurred:

Traceback (most recent call last):
  File "data/serial_insert_mongodb.py", line 13, in <module>
    line = ser.readline() 
  File "/usr/local/lib/python3.5/dist-packages/serial/serialposix.py", line 509, in read
    raise SerialException('read failed: {}'.format(e))
serial.serialutil.SerialException: read failed: device reports readiness to read but returned no data (device disconnected or multiple access on port?)

b'Humidity: 29.00 Temperature: 25.50 *C \r\n'
b'Earth_humidity inf r\r\n'
b'Earth_humidity inf r\r\n'
b'Humidity: 29.00 Temperature: 25.50 *C \r\n'
b'Humidity: 29.00 Temperature: 25.50 *C \r\n'
b'Earth_humidity inf r\r\n'
b'Earth_humidity inf r\r\n'
b'Humidity: 29.00 Temperature: 25.50 *C \r\n'
b'Humidity: 29.00 Temperature: 25.50 *C \r\n'
b'Earth_humidity inf r\r\n'
b'Earth_humidity inf r\r\n'
b'Humidity: 29.00 Temperature: 25.50 *C \r\n'
b'Humidity: 29.00 Temperature: 25.50 *C \r\n'
b'Earth_humidity inf r\r\n'
b'Earth_humidity inf r\r\n'
b'Humidity: 29.00 Temperature: 25.50 *C \r\n'
b'Humidity: 29.00 Temperature: 25.50 *C \r\n'
b'Earth_humidity inf r\r\n'
b'Earth_humidity inf r\r\n'
b'Humidity: 29.00 Temperature: 25.50 *C \r\n'
b'Humidity: 29.00 Temperature: 25.50 *C \r\n'
b'Earth_humidity inf r\r\n'
b'Earth_humidity inf r\r\n'
b'Humidity: 29.00 Temperature: 25.50 *C \r\n'
b'Humidity: 29.00 Temperature: 25.50 *C \r\n'
b'Earth_humidity inf r\r\n'
b'Earth_humidity inf r\r\n'
b'Humidity: 29.00 Temperature: 25.50 *C \r\n'
b'Humidity: 29.00 Temperature: 25.50 *C \r\n'
b'Earth_humidity inf r\r\n'
b'Earth_humidity inf r\r\n'
b'udt:2.0Tmeaue 50* \n'
b'udt:2.0Tmeaue 50* \n'
b'rhhiiyifr\n'
b'rhhiiyifr\n'
b'Huiiy 90 eprtr:2.50 *C \r\n'
b'Huiiy 90 eprtr:2.50 *C \r\n'
b'Earth_humidity inf r\r\n'
b'Earth_humidity inf r\r\n'
b'Humidity: 29.00 Temperature: 25.50 *C \r\n'
b'Humidity: 29.00 Temperature: 25.50 *C \r\n'
b'Earth_humidity inf r\r\n'
b'Earth_humidity inf r\r\n'
b'Humidity: 29.00 Temperature: 25.50 *C \r\n'
b'Humidity: 29.00 Temperature: 25.50 *C \r\n'
b'Earth_humidity inf r\r\n'
b'Earth_humidity inf r\r\n'
b'Humidity: 29.00 Temperature: 25.50 *C \r\n'
b'Humidity: 29.00 Temperature: 25.50 *C \r\n'
b'Earth_humidity inf r\r\n'
b'Earth_humidity inf r\r\n'
b'Humidity: 29.00 Temperature: 25.50 *C \r\n'
b'Humidity: 29.00 Temperature: 25.50 *C \r\n'
b'Earth_humidity inf r\r\n'
b'Earth_humidity inf r\r\n'
b'Humidity: 29.00 Temperature: 25.60 *C \r\n'
b'Humidity: 29.00 Temperature: 25.60 *C \r\n'
b'Earth_humidity inf r\r\n'
b'Earth_humidity inf r\r\n'
b'Humidity: 29.00 Temperature: 25.40 *C \r\n'
b'Humidity: 29.00 Temperature: 25.40 *C \r\n'
b'Earth_humidity inf r\r\n'
b'Earth_humidity inf r\r\n'
b'Humidity: 29.00 Temperature: 25.50 *C \r\n'
b'Humidity: 29.00 Temperature: 25.50 *C \r\n'
b'Earth_humidity inf r\r\n'
b'Earth_humidity inf r\r\n'
b'uidt:2.0eprtr:2.0*\rEat_uiiyifr\n'
b'uidt:2.0eprtr:2.0*\rEat_uiiyifr\n'
b'Humidity: 29.00 Temperature: 25.50 *C \r\n'
b'Humidity: 29.00 Temperature: 25.50 *C \r\n'
b'Earth_humidity inf r\r\n'
b'Earth_humidity inf r\r\n'
b'Humidity: 29.00 Temperature: 25.50 *C \r\n'
b'Humidity: 29.00 Temperature: 25.50 *C \r\n'
b'Earth_humidity inf r\r\n'
b'Earth_humidity inf r\r\n'
b'Humidity: 29.00 Temperature: 25.50 *C \r\n'
b'Humidity: 29.00 Temperature: 25.50 *C \r\n'
b'Earth_humidity inf r\r\n'
b'Earth_humidity inf r\r\n'
b'Humidity: 29.00 Temperature: 25.50 *C \r\n'
b'Humidity: 29.00 Temperature: 25.50 *C \r\n'
b'Earth_humidity inf r\r\n'
b'Earth_humidity inf r\r\n'
b'Humidity: 29.00 Temperature: 25.50 *C \r\n'
b'Humidity: 29.00 Temperature: 25.50 *C \r\n'
b'Earth_humidity inf r\r\n'
b'Earth_humidity inf r\r\n'
b'Humidity: 29.00 Temperature: 25.70 *C \r\n'
b'Humidity: 29.00 Temperature: 25.70 *C \r\n'
b'Earth_humidity inf r\r\n'
b'Earth_humidity inf r\r\n'
b'Humidity: 29.00 Temperature: 25.50 *C \r\n'
b'Humidity: 29.00 Temperature: 25.50 *C \r\n'
b'Earth_humidity inf r\r\n'
b'Earth_humidity inf r\r\n'
b'Humidity: 29.00 Temperature: 25.50 *C \r\n'
b'Humidity: 29.00 Temperature: 25.50 *C \r\n'
b'Earth_humidity inf r\r\n'
b'Earth_humidity inf r\r\n'
b'Humidity: 29.00 Temperature: 25.50 *C \r\n'
b'Humidity: 29.00 Temperature: 25.50 *C \r\n'
b'Earth_humidity inf r\r\n'
b'Earth_humidity inf r\r\n'
b'Humidity: 29.00 Temperature: 25.60 *C \r\n'
b'Humidity: 29.00 Temperature: 25.60 *C \r\n'
b'Earth_humidity inf r\r\n'
b'Earth_humidity inf r\r\n'
b'Humidity: 29.00 Temperature: 25.50 *C \r\n'
b'Humidity: 29.00 Temperature: 25.50 *C \r\n'
b'Earth_humidity inf r\r\n'
b'Earth_humidity inf r\r\n'
b'Humidity: 29.00 Temperature: 25.60 *C \r\n'
b'Humidity: 29.00 Temperature: 25.60 *C \r\n'
b'Earth_humidity inf r\r\n'
b'Earth_humidity inf r\r\n'
b'Humidity: 29.00 Temperature: 25.50 *C \r\n'
b'Humidity: 29.00 Temperature: 25.50 *C \r\n'
b'Earth_humidity inf r\r\n'
b'Earth_humidity inf r\r\n'
b'Humidity: 29.00 Temperature: 25.50 *C \r\n'
b'Humidity: 29.00 Temperature: 25.50 *C \r\n'
b'Earth_humidity inf r\r\n'
b'Earth_humidity inf r\r\n'
b'Humidity: 29.00 Temperature: 25.50 *C \r\n'
b'Humidity: 29.00 Temperature: 25.50 *C \r\n'
b'Earth_humidity inf r\r\n'
b'Earth_humidity inf r\r\n'
b'Humidity: 29.00 Temperature: 25.50 *C \r\n'
b'Humidity: 29.00 Temperature: 25.50 *C \r\n'
b'Earth_humidity inf r\r\n'
b'Earth_humidity inf r\r\n'
b'Humidity: 29.00 Temperature: 25.50 *C \r\n'
b'Humidity: 29.00 Temperature: 25.50 *C \r\n'
b'Earth_humidity inf r\r\n'
b'Earth_humidity inf r\r\n'
b'Hmiiy 90 eprtr:2.50 *C \r\n'
b'Hmiiy 90 eprtr:2.50 *C \r\n'
b'Earth_humidity inf r\r\n'
b'Earth_humidity inf r\r\n'
b'Humidity: 29.00 Temperature: 25.50 *C \r\n'
b'Humidity: 29.00 Temperature: 25.50 *C \r\n'
b'Earth_humidity inf r\r\n'
b'Earth_humidity inf r\r\n'
b'Humidity: 29.00 Temperature: 25.50 *C \r\n'
b'Humidity: 29.00 Temperature: 25.50 *C \r\n'
b'Earth_humidity inf r\r\n'
b'Earth_humidity inf r\r\n'
b'Humidity: 29.00 Temperature: 25.60 *C \r\n'
b'Humidity: 29.00 Temperature: 25.60 *C \r\n'
b'Earth_humidity inf r\r\n'
b'Earth_humidity inf r\r\n'
b'Humidity: 29.00 Temperature: 25.50 *C \r\n'
b'Humidity: 29.00 Temperature: 25.50 *C \r\n'
b'Earth_humidity inf r\r\n'
b'Earth_humidity inf r\r\n'
b'Earth_humidity inf r\r\n'
b'Earth_humidity inf r\r\n'
b'Humidity: 29.00 Temperature: 25.50 *C \r\n'
b'Humidity: 29.00 Temperature: 25.50 *C \r\n'
b'Earth_humidity inf r\r\n'
b'Earth_humidity inf r\r\n'
b'Humidity: 29.00 Temperature: 25.50 *C \r\n'
b'Humidity: 29.00 Temperature: 25.50 *C \r\n'
b'Earth_humidity inf r\r\n'
b'Earth_humidity inf r\r\n'
b'Humidity: 29.00 Temperature: 25.50 *C \r\n'
b'Humidity: 29.00 Temperature: 25.50 *C \r\n'
b'Earth_humidity inf r\r\n'
b'Earth_humidity inf r\r\n'
b'udt:2.0Tmeaue 50* \n'
b'udt:2.0Tmeaue 50* \n'
Traceback (most recent call last):
  File "/usr/local/lib/python3.5/dist-packages/serial/serialposix.py", line 501, in read
    'device reports readiness to read but returned no data '
serial.serialutil.SerialException: device reports readiness to read but returned no data (device disconnected or multiple access on port?)

During handling of the above exception, another exception occurred:

Traceback (most recent call last):
  File "data/serial_insert_mongodb.py", line 41, in <module>
    line = str(ser.readline())
  File "/usr/local/lib/python3.5/dist-packages/serial/serialposix.py", line 509, in read
    raise SerialException('read failed: {}'.format(e))
serial.serialutil.SerialException: read failed: device reports readiness to read but returned no data (device disconnected or multiple access on port?)
