b'Hmii:4.0Tmeaue 50* \n'
b'rhhmdt n \rudt:4.0Tmeaue 50* \n'
b'rhhmdt n \rudt:4.0Tmeau:2.4 * \n'
b't_uiiyif \rHmdt:4.0Tmeaue 50* \n'
b'rhhmdt n \rumiiy 10 meaue2.0C\rEarhhmdt n \rmdt:4.0Tmeaue 50* \n'
b'rhhmdt n \rumiiy 10 eprtr:2.50 *C \r\n'
b'Earth_humidity inf r\r\n'
b'Humidity: 41.00 Temperature: 25.50 *C \r\n'
b'Earth_humidity inf r\r\n'
b'Humidity: 41.00 Temperature: 25.50 *C \r\n'
b'Earth_humidity inf r\r\n'
b'Humidity: 41.00 Temperature: 25.50 *C \r\n'
b'Earth_humidity inf r\r\n'
b'Humidity: 41.00 Temperature: 25.50 *C \r\n'
b'Earth_humidity inf r\r\n'
b'Humidity: 41.00 Temperature: 25.50 *C \r\n'
b'Earth_humidity inf r\r\n'
b'Humidity: 41.00 Temperature: 25.50 *C \r\n'
b'Earth_humidity inf r\r\n'
b'Humidity: 41.00 Temperature: 25.50 *C \r\n'
b'Earth_humidity inf r\r\n'
b'Humidity: 41.00 Temperature: 25.50 *C \r\n'
b'Earth_humidity inf r\r\n'
b'Humidity: 41.00 Temperature: 25.50 *C \r\n'
b'Earth_humidity inf r\r\n'
b'Humidity: 41.00 Temperature: 25.50 *C \r\n'
b'Earth_humidity inf r\r\n'
b'Humidity: 41.00 Temperature: 25.50 *C \r\n'
b'Earth_humidity inf r\r\n'
b'Humidity: 41.00 Temperature: 25.50 *C \r\n'
b'Earth_humidity inf r\r\n'
b'Humidity: 41.00 Temperature: 25.50 *C \r\n'
b'Earth_humidity inf r\r\n'
b'Humidity: 41.00 Temperature: 25.50 *C \r\n'
b'Earth_humidity inf r\r\n'
b'Humidity: 41.00 Temperature: 25.50 *C \r\n'
b'Earth_humidity inf r\r\n'
b'Humidity: 41.00 Temperature: 25.50 *C \r\n'
b'Earth_humidity inf r\r\n'
b'Humidity: 41.00 Temperature: 25.50 *C \r\n'
b'Earth_humidity inf r\r\n'
b'Humidity: 41.00 Temperature: 25.50 *C \r\n'
b'Earth_humidity inf r\r\n'
b'Humidity: 41.00 Temperature: 25.60 *C \r\n'
b'Earth_humidity inf r\r\n'
b'Humidity: 41.00 Temperature: 25.50 *C \r\n'
b'Earth_humidity inf r\r\n'
b'Humidity: 41.00 Temperature: 25.50 *C \r\n'
b'Earth_humidity inf r\r\n'
b'Humidity: 41.00 Temperature: 25.50 *C \r\n'
b'Humidity: 41.00 Temperature: 25.40 *C \r\n'
b'Earth_humidity inf r\r\n'
b'Humidity: 41.00 Temperature: 25.50 *C \r\n'
b'Earth_humidity inf r\r\n'
b'Humidity: 41.00 Temperature: 25.50 *C \r\n'
b'Earth_humidity inf r\r\n'
b'Humidity: 41.00 Temperature: 25.50 *C \r\n'
b'Earth_humidity inf r\r\n'
b'Humidity: 41.00 Temperature: 25.60 *C \r\n'
b'Earth_humidity inf r\r\n'
b'Humidity: 41.00 Temperature: 25.50 *C \r\n'
b'Earth_humidity inf r\r\n'
b'Humidity: 41.00 Temperature: 25.50 *C \r\n'
b'Earth_humidity inf r\r\n'
b'Humidity: 41.00 Temperature: 25.50 *C \r\n'
b'Earth_humidity inf r\r\n'
b'Humidity: 41.00 Temperature: 25.50 *C \r\n'
b'Earth_humidity inf r\r\n'
b'Humidity: 41.00 Temperature: 25.50 *C \r\n'
b'Earth_humidity inf r\r\n'
b'Humidity: 41.00 Temperature: 25.50 *C \r\n'
b'Earth_humidity inf r\r\n'
b'Humidity: 41.00 Temperature: 25.50 *C \r\n'
b'Earth_humidity inf r\r\n'
b'Humidity: 41.00 Temperature: 25.50 *C \r\n'
b'Earth_humidity inf r\r\n'
b'Humidity: 41.00 Temperature: 25.50 *C \r\n'
b'Earth_humidity inf r\r\n'
b'Humidity: 41.00 Temperature: 25.50 *C \r\n'
b'Earth_humidity inf r\r\n'
b'Humidity: 41.00 Temperature: 25.50 *C \r\n'
b'Earth_humidity inf r\r\n'
b'Humidity: 41.00 Temperature: 25.50 *C \r\n'
b'Earth_humidity inf r\r\n'
b'Humidity: 41.00 Temperature: 25.50 *C \r\n'
b'Earth_humidity inf r\r\n'
b'Humidity: 41.00 Temperature: 25.50 *C \r\n'
b'Earth_humidity inf r\r\n'
b'Humidity: 41.00 Temperature: 25.50 *C \r\n'
b'Earth_humidity inf r\r\n'
b'Humidity: 41.00 Temperature: 25.50 *C \r\n'
b'Earth_humidity inf r\r\n'
Traceback (most recent call last):
  File "/usr/local/lib/python3.5/dist-packages/serial/serialposix.py", line 501, in read
    'device reports readiness to read but returned no data '
serial.serialutil.SerialException: device reports readiness to read but returned no data (device disconnected or multiple access on port?)

During handling of the above exception, another exception occurred:

Traceback (most recent call last):
  File "serial_insert_mongodb.py", line 41, in <module>
    line = str(ser.readline())
  File "/usr/local/lib/python3.5/dist-packages/serial/serialposix.py", line 509, in read
    raise SerialException('read failed: {}'.format(e))
serial.serialutil.SerialException: read failed: device reports readiness to read but returned no data (device disconnected or multiple access on port?)
Traceback (most recent call last):
  File "/usr/local/lib/python3.5/dist-packages/serial/serialposix.py", line 501, in read
    'device reports readiness to read but returned no data '
serial.serialutil.SerialException: device reports readiness to read but returned no data (device disconnected or multiple access on port?)

During handling of the above exception, another exception occurred:

Traceback (most recent call last):
  File "serial_insert_mongodb.py", line 13, in <module>
    line = ser.readline() 
  File "/usr/local/lib/python3.5/dist-packages/serial/serialposix.py", line 509, in read
    raise SerialException('read failed: {}'.format(e))
serial.serialutil.SerialException: read failed: device reports readiness to read but returned no data (device disconnected or multiple access on port?)
b'Hmdty 10 eprtr:2.6 C\rEat_uiiyinfr\n'
b'Hmdt: 10 epeaur:2. C\rEat_hmdt n \ruiiy 10 epeaue 56 * \n'
b'rhhmdt n \ruiiy 10 eprtr:2.5C\rEat_uiiyifr\n'
b'Huidt:4.0Tmeaue 560* \n'
b'Earth_humidity inf r\r\n'
b'Humidity: 41.00 Temperature: 25.50 *C \r\n'
b'Earth_humidity inf r\r\n'
b'Humidity: 41.00 Temperature: 25.60 *C \r\n'
b'Earth_humidity inf r\r\n'
b'mdt:4.0eprtr:2.0* \n'
b'rhhmdt n \ruii:4.0Tmeaue 50* \n'
b'rhhmdt  \ruiiy4.0Tmrte 550* \n'
b'rhuiiyifr\n'
b'Hmdt:4.0Tmrtr:2.0C\rEat_uiiyifr\n'
b'Hmdt:4.0Tmeaue 50 * \n'
b'rhhmdt n \rmiy 00 eprtr:2. C\rEat_uiiyifr\n'
Traceback (most recent call last):
  File "/usr/local/lib/python3.5/dist-packages/serial/serialposix.py", line 501, in read
    'device reports readiness to read but returned no data '
serial.serialutil.SerialException: device reports readiness to read but returned no data (device disconnected or multiple access on port?)

During handling of the above exception, another exception occurred:

Traceback (most recent call last):
  File "serial_insert_mongodb.py", line 41, in <module>
    line = str(ser.readline())
  File "/usr/local/lib/python3.5/dist-packages/serial/serialposix.py", line 509, in read
    raise SerialException('read failed: {}'.format(e))
serial.serialutil.SerialException: read failed: device reports readiness to read but returned no data (device disconnected or multiple access on port?)
Traceback (most recent call last):
  File "/usr/local/lib/python3.5/dist-packages/serial/serialposix.py", line 501, in read
    'device reports readiness to read but returned no data '
serial.serialutil.SerialException: device reports readiness to read but returned no data (device disconnected or multiple access on port?)

During handling of the above exception, another exception occurred:

Traceback (most recent call last):
  File "serial_insert_mongodb.py", line 41, in <module>
    line = str(ser.readline())
  File "/usr/local/lib/python3.5/dist-packages/serial/serialposix.py", line 509, in read
    raise SerialException('read failed: {}'.format(e))
serial.serialutil.SerialException: read failed: device reports readiness to read but returned no data (device disconnected or multiple access on port?)
b'Earth_humidity inf r\r\n'
b'Humidity: 40.00 Temperature: 25.50 *C \r\n'
b'Earth_humidity inf r\r\n'
b'Humidity: 40.00 Temperature: 25.60 *C \r\n'
b'Earth_humidity inf r\r\n'
b'Humidity: 40.00 Temperature: 25.60 *C \r\n'
b'Earth_humidity inf r\r\n'
b'Humidity: 40.00 Temperature: 25.60 *C \r\n'
b'Earth_humidity inf r\r\n'
b'Humidity: 40.00 Temperature: 25.60 *C \r\n'
b'Earth_humidity inf r\r\n'
b'Humidity: 40.00 Temperature: 25.60 *C \r\n'
b'Earth_humidity inf r\r\n'
b'Humidity: 40.00 Temperature: 25.60 *C \r\n'
b'Earth_humidity inf r\r\n'
b'Humidity: 40.00 Temperature: 25.60 *C \r\n'
b'Earth_humidity inf r\r\n'
b'Humidity: 40.00 Temperature: 25.60 *C \r\n'
b'Earth_humidity inf r\r\n'
b'Humidity: 40.00 Temperature: 25.60 *C \r\n'
b'Earth_humidity inf r\r\n'
b'Humidity: 40.00 Temperature: 25.60 *C \r\n'
b'Earth_humidity inf r\r\n'
b'Humidity: 40.00 Temperature: 25.50 *C \r\n'
b'Earth_humidity inf r\r\n'
b'Humidity: 40.00 Temperature: 25.60 *C \r\n'
b'Earth_humidity inf r\r\n'
b'Humidity: 40.00 Temperature: 25.60 *C \r\n'
b'Earth_humidity inf r\r\n'
b'Humidity: 40.00 Temperature: 25.60 *C \r\n'
b'Earth_humidity inf r\r\n'
b'Humidity: 40.00 Temperature: 25.60 *C \r\n'
b'Earth_humidity inf r\r\n'
b'Humidity: 40.00 Temperature: 25.60 *C \r\n'
b'Earth_humidity inf r\r\n'
b'Humidity: 40.00 Temperature: 25.60 *C \r\n'
b'Earth_humidity inf r\r\n'
b'Humidity: 40.00 Temperature: 25.60 *C \r\n'
b'Earth_humidity inf r\r\n'
b'Humidity: 40.00 Temperature: 25.60 *C \r\n'
b'Humidity: 40.00 Temperature: 25.60 *C \r\n'
b'Earth_humidity inf r\r\n'
b'Humidity: 40.00 Temperature: 25.60 *C \r\n'
b'Earth_humidity inf r\r\n'
b'Humidity: 40.00 Temperature: 25.60 *C \r\n'
b'Earth_humidity inf r\r\n'
b'Humidity: 40.00 Temperature: 25.60 *C \r\n'
b'Earth_humidity inf r\r\n'
b'Humidity: 40.00 Temperature: 25.60 *C \r\n'
b'Earth_humidity inf r\r\n'
b'Humidity: 40.00 Temperature: 25.60 *C \r\n'
b'Earth_humidity inf r\r\n'
b'Humidity: 40.00 Temperature: 25.60 *C \r\n'
b'Earth_humidity inf r\r\n'
b'Humidity: 40.00 Temperature: 25.60 *C \r\n'
b'Earth_humidity inf r\r\n'
b'Humidity: 40.00 Temperature: 25.50 *C \r\n'
b'Earth_humidity inf r\r\n'
b'Humidity: 41.00 Temperature: 25.60 *C \r\n'
b'Earth_humidity inf r\r\n'
b'Humidity: 41.00 Temperature: 25.60 *C \r\n'
b'Earth_humidity inf r\r\n'
b'Humidity: 41.00 Temperature: 25.60 *C \r\n'
b'Earth_humidity inf r\r\n'
b'Humidity: 40.00 Temperature: 25.50 *C \r\n'
b'Earth_humidity inf r\r\n'
b'Humidity: 41.00 Temperature: 25.60 *C \r\n'
b'Earth_humidity inf r\r\n'
b'Humidity: 40.00 Temperature: 25.60 *C \r\n'
b'Earth_humidity inf r\r\n'
b'Humidity: 40.00 Temperature: 25.60 *C \r\n'
b'Earth_humidity inf r\r\n'
b'Humidity: 40.00 Temperature: 25.50 *C \r\n'
b'Earth_humidity inf r\r\n'
b'Humidity: 40.00 Temperature: 25.60 *C \r\n'
b'Earth_humidity inf r\r\n'
b'Humidity: 40.00 Temperature: 25.60 *C \r\n'
b'Earth_humidity inf r\r\n'
b'Humidity: 40.00 Temperature: 25.60 *C \r\n'
b'Earth_humidity inf r\r\n'
b'Humidity: 40.00 Temperature: 25.50 *C \r\n'
b'Earth_humidity inf r\r\n'
b'Humidity: 40.00 Temperature: 25.50 *C \r\n'
b'Earth_humidity inf r\r\n'
b'Humidity: 40.00 Temperature: 25.60 *C \r\n'
b'Earth_humidity inf r\r\n'
b'Humidity: 40.00 Temperature: 25.60 *C \r\n'
b'Earth_humidity inf r\r\n'
b'Humidity: 40.00 Temperature: 25.60 *C \r\n'
b'Earth_humidity inf r\r\n'
b'Humidity: 40.00 Temperature: 25.60 *C \r\n'
b'Earth_humidity inf r\r\n'
b'Humidity: 40.00 Temperature: 25.50 *C \r\n'
b'Earth_humidity inf r\r\n'
b'Humidity: 40.00 Temperature: 25.60 *C \r\n'
b'Earth_humidity inf r\r\n'
b'Humidity: 40.00 Temperature: 25.60 *C \r\n'
b'Earth_humidity inf r\r\n'
b'Humidity: 40.00 Temperature: 25.50 *C \r\n'
b'Earth_humidity inf r\r\n'
b'Humidity: 40.00 Temperature: 25.60 *C \r\n'
b'Earth_humidity inf r\r\n'
b'Humidity: 40.00 Temperature: 25.60 *C \r\n'
b'Earth_humidity inf r\r\n'
b'Humidity: 40.00 Temperature: 25.60 *C \r\n'
b'Earth_humidity inf r\r\n'
b'Humidity: 40.00 Temperature: 25.60 *C \r\n'
b'Earth_humidity inf r\r\n'
b'Humidity: 40.00 Temperature: 25.60 *C \r\n'
b'Earth_humidity inf r\r\n'
b'Humidity: 40.00 Temperature: 25.50 *C \r\n'
b'Earth_humidity inf r\r\n'
b'Humidity: 40.00 Temperature: 25.60 *C \r\n'
b'Earth_humidity inf r\r\n'
b'Humidity: 40.00 Temperature: 25.60 *C \r\n'
b'Earth_humidity inf r\r\n'
b'Humidity: 40.00 Temperature: 25.50 *C \r\n'
b'Earth_humidity inf r\r\n'
b'Humidity: 40.00 Temperature: 25.60 *C \r\n'
b'Earth_humidity inf r\r\n'
b'Humidity: 40.00 Temperature: 25.60 *C \r\n'
b'Earth_humidity inf r\r\n'
b'Humidity: 40.00 Temperature: 25.60 *C \r\n'
b'Earth_humidity inf r\r\n'
b'Humidity: 40.00 Temperature: 25.60 *C \r\n'
b'Earth_humidity inf r\r\n'
b'Humidity: 40.00 Temperature: 25.60 *C \r\n'
b'Earth_humidity inf r\r\n'
b'Humidity: 40.00 Temperature: 25.50 *C \r\n'
b'Earth_humidity inf r\r\n'
b'Humidity: 40.00 Temperature: 25.60 *C \r\n'
b'Earth_humidity inf r\r\n'
b'Humidity: 40.00 Temperature: 25.60 *C \r\n'
b'Earth_humidity inf r\r\n'
b'Humidity: 40.00 Temperature: 25.60 *C \r\n'
b'Earth_humidity inf r\r\n'
b'Humidity: 40.00 Temperature: 25.60 *C \r\n'
b'Earth_humidity inf r\r\n'
b'Humidity: 40.00 Temperature: 25.60 *C \r\n'
b'Earth_humidity inf r\r\n'
b'Humidity: 40.00 Temperature: 25.60 *C \r\n'
b'Humidity: 40.00 Temperature: 25.60 *C \r\n'
b'Earth_humidity inf r\r\n'
b'Humidity: 40.00 Temperature: 25.60 *C \r\n'
b'Earth_humidity inf r\r\n'
b'Humidity: 40.00 Temperature: 25.60 *C \r\n'
b'Earth_humidity inf r\r\n'
b'Humidity: 40.00 Temperature: 25.60 *C \r\n'
b'Earth_humidity inf r\r\n'
b'Humidity: 40.00 Temperature: 25.60 *C \r\n'
b'Earth_humidity inf r\r\n'
b'Humidity: 40.00 Temperature: 25.60 *C \r\n'
b'Earth_humidity inf r\r\n'
b'Humidity: 40.00 Temperature: 25.60 *C \r\n'
b'Earth_humidity inf r\r\n'
b'Humidity: 40.00 Temperature: 25.60 *C \r\n'
b'Earth_humidity inf r\r\n'
b'Humidity: 40.00 Temperature: 25.60 *C \r\n'
b'Earth_humidity inf r\r\n'
b'Humidity: 40.00 Temperature: 25.60 *C \r\n'
b'Earth_humidity inf r\r\n'
b'Humidity: 40.00 Temperature: 25.60 *C \r\n'
b'Earth_humidity inf r\r\n'
b'Humidity: 40.00 Temperature: 25.60 *C \r\n'
b'Earth_humidity inf r\r\n'
b'Humidity: 40.00 Temperature: 25.60 *C \r\n'
b'Earth_humidity inf r\r\n'
b'Humidity: 40.00 Temperature: 25.60 *C \r\n'
b'Earth_humidity inf r\r\n'
b'Humidity: 40.00 Temperature: 25.60 *C \r\n'
b'Earth_humidity inf r\r\n'
b'Humidity: 40.00 Temperature: 25.60 *C \r\n'
b'Earth_humidity inf r\r\n'
b'Humidity: 40.00 Temperature: 25.60 *C \r\n'
b'Earth_humidity inf r\r\n'
b'Humidity: 40.00 Temperature: 25.60 *C \r\n'
b'Earth_humidity inf r\r\n'
b'Humidity: 40.00 Temperature: 25.60 *C \r\n'
b'Earth_humidity inf r\r\n'
b'Humidity: 40.00 Temperature: 25.50 *C \r\n'
b'Earth_humidity inf r\r\n'
b'Humidity: 40.00 Temperature: 25.60 *C \r\n'
b'Earth_humidity inf r\r\n'
b'Humidity: 40.00 Temperature: 25.60 *C \r\n'
b'Earth_humidity inf r\r\n'
b'Humidity: 40.00 Temperature: 25.50 *C \r\n'
b'Earth_humidity inf r\r\n'
b'Humidity: 41.00 Temperature: 25.60 *C \r\n'
b'Earth_humidity inf r\r\n'
b'Humidity: 40.00 Temperature: 25.50 *C \r\n'
b'Earth_humidity inf r\r\n'
b'Humidity: 41.00 Temperature: 25.50 *C \r\n'
b'Earth_humidity inf r\r\n'
b'Humidity: 40.00 Temperature: 25.50 *C \r\n'
b'Earth_humidity inf r\r\n'
b'Humidity: 41.00 Temperature: 25.50 *C \r\n'
b'Earth_humidity inf r\r\n'
b'Humidity: 40.00 Temperature: 25.50 *C \r\n'
b'Earth_humidity inf r\r\n'
b'Humidity: 40.00 Temperature: 25.50 *C \r\n'
b'Earth_humidity inf r\r\n'
b'Humidity: 40.00 Temperature: 25.60 *C \r\n'
b'Earth_humidity inf r\r\n'
b'Humidity: 40.00 Temperature: 25.50 *C \r\n'
b'Earth_humidity inf r\r\n'
b'Humidity: 41.00 Temperature: 25.50 *C \r\n'
b'Earth_humidity inf r\r\n'
b'Humidity: 41.00 Temperature: 25.60 *C \r\n'
b'Earth_humidity inf r\r\n'
b'Humidity: 41.00 Temperature: 25.50 *C \r\n'
b'Earth_humidity inf r\r\n'
b'Humidity: 41.00 Temperature: 25.60 *C \r\n'
b'Earth_humidity inf r\r\n'
b'Humidity: 41.00 Temperature: 25.60 *C \r\n'
b'Earth_humidity inf r\r\n'
b'Humidity: 40.00 Temperature: 25.60 *C \r\n'
b'Earth_humidity inf r\r\n'
b'Humidity: 40.00 Temperature: 25.60 *C \r\n'
b'Earth_humidity inf r\r\n'
b'Humidity: 40.00 Temperature: 25.60 *C \r\n'
b'Earth_humidity inf r\r\n'
b'Humidity: 40.00 Temperature: 25.50 *C \r\n'
b'Earth_humidity inf r\r\n'
b'Humidity: 41.00 Temperature: 25.60 *C \r\n'
b'Earth_humidity inf r\r\n'
b'Humidity: 41.00 Temperature: 25.60 *C \r\n'
b'Earth_humidity inf r\r\n'
b'Humidity: 40.00 Temperature: 25.60 *C \r\n'
b'Earth_humidity inf r\r\n'
b'Humidity: 40.00 Temperature: 25.70 *C \r\n'
b'Earth_humidity inf r\r\n'
b'Humidity: 40.00 Temperature: 25.50 *C \r\n'
b'Earth_humidity inf r\r\n'
b'Humidity: 41.00 Temperature: 25.50 *C \r\n'
b'Earth_humidity inf r\r\n'
b'Humidity: 40.00 Temperature: 25.60 *C \r\n'
b'Earth_humidity inf r\r\n'
b'Humidity: 40.00 Temperature: 25.60 *C \r\n'
b'Earth_humidity inf r\r\n'
b'Humidity: 40.00 Temperature: 25.60 *C \r\n'
b'Earth_humidity inf r\r\n'
b'Humidity: 40.00 Temperature: 25.70 *C \r\n'
b'Humidity: 40.00 Temperature: 25.50 *C \r\n'
b'Earth_humidity inf r\r\n'
b'Humidity: 40.00 Temperature: 25.60 *C \r\n'
b'Earth_humidity inf r\r\n'
b'Humidity: 40.00 Temperature: 25.60 *C \r\n'
b'Earth_humidity inf r\r\n'
b'Humidity: 40.00 Temperature: 25.60 *C \r\n'
b'Earth_humidity inf r\r\n'
b'Humidity: 40.00 Temperature: 25.70 *C \r\n'
b'Earth_humidity inf r\r\n'
b'Humidity: 40.00 Temperature: 25.40 *C \r\n'
b'Earth_humidity inf r\r\n'
b'Humidity: 40.00 Temperature: 25.60 *C \r\n'
b'Earth_humidity inf r\r\n'
b'Humidity: 40.00 Temperature: 25.60 *C \r\n'
b'Earth_humidity inf r\r\n'
b'Humidity: 40.00 Temperature: 25.60 *C \r\n'
b'Earth_humidity inf r\r\n'
b'Humidity: 40.00 Temperature: 25.60 *C \r\n'
b'Earth_humidity inf r\r\n'
b'Humidity: 40.00 Temperature: 25.50 *C \r\n'
b'Earth_humidity inf r\r\n'
b'Humidity: 40.00 Temperature: 25.60 *C \r\n'
b'Earth_humidity inf r\r\n'
b'Humidity: 40.00 Temperature: 25.60 *C \r\n'
b'Earth_humidity inf r\r\n'
b'Humidity: 40.00 Temperature: 25.60 *C \r\n'
b'Earth_humidity 1022000.00 r\r\n'
b'Humidity: 40.00 Temperature: 25.60 *C \r\n'
b'Earth_humidity inf r\r\n'
b'Humidity: 40.00 Temperature: 25.50 *C \r\n'
b'Earth_humidity inf r\r\n'
b'Humidity: 40.00 Temperature: 25.50 *C \r\n'
b'Earth_humidity inf r\r\n'
b'Humidity: 40.00 Temperature: 25.60 *C \r\n'
b'Earth_humidity inf r\r\n'
b'Humidity: 40.00 Temperature: 25.60 *C \r\n'
b'Earth_humidity inf r\r\n'
b'Humidity: 40.00 Temperature: 25.60 *C \r\n'
b'Earth_humidity inf r\r\n'
b'Humidity: 40.00 Temperature: 25.60 *C \r\n'
b'Earth_humidity inf r\r\n'
b'Humidity: 40.00 Temperature: 25.60 *C \r\n'
b'Earth_humidity inf r\r\n'
b'Humidity: 40.00 Temperature: 25.60 *C \r\n'
b'Earth_humidity inf r\r\n'
b'Humidity: 40.00 Temperature: 25.60 *C \r\n'
b'Earth_humidity inf r\r\n'
b'Humidity: 40.00 Temperature: 25.60 *C \r\n'
b'Earth_humidity inf r\r\n'
b'Humidity: 40.00 Temperature: 25.60 *C \r\n'
b'Earth_humidity inf r\r\n'
b'Humidity: 40.00 Temperature: 25.50 *C \r\n'
b'Earth_humidity inf r\r\n'
b'Humidity: 40.00 Temperature: 25.60 *C \r\n'
b'Earth_humidity inf r\r\n'
b'Humidity: 40.00 Temperature: 25.60 *C \r\n'
b'Earth_humidity inf r\r\n'
b'Humidity: 40.00 Temperature: 25.60 *C \r\n'
b'Earth_humidity inf r\r\n'
b'Humidity: 40.00 Temperature: 25.60 *C \r\n'
b'Earth_humidity inf r\r\n'
b'Humidity: 40.00 Temperature: 25.60 *C \r\n'
b'Earth_humidity inf r\r\n'
b'Humidity: 40.00 Temperature: 25.70 *C \r\n'
b'Earth_humidity inf r\r\n'
b'Humidity: 40.00 Temperature: 25.60 *C \r\n'
b'Earth_humidity inf r\r\n'
b'Humidity: 40.00 Temperature: 25.50 *C \r\n'
b'Earth_humidity inf r\r\n'
b'Humidity: 40.00 Temperature: 25.60 *C \r\n'
b'Earth_humidity inf r\r\n'
b'Humidity: 40.00 Temperature: 25.60 *C \r\n'
b'Earth_humidity inf r\r\n'
b'Humidity: 40.00 Temperature: 25.60 *C \r\n'
b'Earth_humidity inf r\r\n'
b'Humidity: 40.00 Temperature: 25.70 *C \r\n'
b'Earth_humidity inf r\r\n'
b'Humidity: 40.00 Temperature: 25.60 *C \r\n'
b'Earth_humidity inf r\r\n'
b'Humidity: 40.00 Temperature: 25.60 *C \r\n'
b'Earth_humidity inf r\r\n'
b'Humidity: 40.00 Temperature: 25.60 *C \r\n'
b'Earth_humidity inf r\r\n'
b'Humidity: 40.00 Temperature: 25.60 *C \r\n'
b'Earth_humidity inf r\r\n'
b'Humidity: 40.00 Temperature: 25.60 *C \r\n'
b'Earth_humidity inf r\r\n'
b'Humidity: 40.00 Temperature: 25.50 *C \r\n'
b'Earth_humidity inf r\r\n'
b'Humidity: 40.00 Temperature: 25.60 *C \r\n'
b'Earth_humidity inf r\r\n'
b'Humidity: 40.00 Temperature: 25.50 *C \r\n'
b'Earth_humidity inf r\r\n'
b'Humidity: 40.00 Temperature: 25.70 *C \r\n'
b'Earth_humidity inf r\r\n'
b'Humidity: 40.00 Temperature: 25.60 *C \r\n'
b'Earth_humidity inf r\r\n'
b'Humidity: 40.00 Temperature: 25.70 *C \r\n'
b'Earth_humidity inf r\r\n'
b'Humidity: 40.00 Temperature: 25.60 *C \r\n'
b'Humidity: 40.00 Temperature: 25.60 *C \r\n'
b'Earth_humidity inf r\r\n'
Traceback (most recent call last):
  File "/usr/local/lib/python3.5/dist-packages/serial/serialposix.py", line 501, in read
    'device reports readiness to read but returned no data '
serial.serialutil.SerialException: device reports readiness to read but returned no data (device disconnected or multiple access on port?)

During handling of the above exception, another exception occurred:

Traceback (most recent call last):
  File "serial_insert_mongodb.py", line 41, in <module>
    line = str(ser.readline())
  File "/usr/local/lib/python3.5/dist-packages/serial/serialposix.py", line 509, in read
    raise SerialException('read failed: {}'.format(e))
serial.serialutil.SerialException: read failed: device reports readiness to read but returned no data (device disconnected or multiple access on port?)
